Flow report for RV32I_System
Sat Oct 17 14:40:01 2020
Quartus II 32-bit Version 13.1.0 Build 162 10/23/2013 SJ Web Edition


---------------------
; Table of Contents ;
---------------------
  1. Legal Notice
  2. Flow Summary
  3. Flow Settings
  4. Flow Non-Default Global Settings
  5. Flow Elapsed Time
  6. Flow OS Summary
  7. Flow Log
  8. Flow Messages
  9. Flow Suppressed Messages



----------------
; Legal Notice ;
----------------
Copyright (C) 1991-2013 Altera Corporation
Your use of Altera Corporation's design tools, logic functions 
and other software and tools, and its AMPP partner logic 
functions, and any output files from any of the foregoing 
(including device programming or simulation files), and any 
associated documentation or information are expressly subject 
to the terms and conditions of the Altera Program License 
Subscription Agreement, Altera MegaCore Function License 
Agreement, or other applicable license agreement, including, 
without limitation, that your use is for the sole purpose of 
programming logic devices manufactured by Altera and sold by 
Altera or its authorized distributors.  Please refer to the 
applicable agreement for further details.



+---------------------------------------------------------------------------------+
; Flow Summary                                                                    ;
+------------------------------------+--------------------------------------------+
; Flow Status                        ; Successful - Sat Oct 17 14:40:01 2020      ;
; Quartus II 64-Bit Version          ; 13.1.0 Build 162 10/23/2013 SJ Web Edition ;
; Revision Name                      ; RV32I_System                               ;
; Top-level Entity Name              ; RV32I_System                               ;
; Family                             ; Cyclone III                                ;
; Device                             ; EP3C16F484C6                               ;
; Timing Models                      ; Final                                      ;
; Total logic elements               ; 2,244 / 15,408 ( 15 % )                    ;
;     Total combinational functions  ; 2,192 / 15,408 ( 14 % )                    ;
;     Dedicated logic registers      ; 1,319 / 15,408 ( 9 % )                     ;
; Total registers                    ; 1319                                       ;
; Total pins                         ; 52 / 347 ( 15 % )                          ;
; Total virtual pins                 ; 0                                          ;
; Total memory bits                  ; 65,536 / 516,096 ( 13 % )                  ;
; Embedded Multiplier 9-bit elements ; 0 / 112 ( 0 % )                            ;
; Total PLLs                         ; 1 / 4 ( 25 % )                             ;
; Quartus II 32-bit Version          ; 13.1.0 Build 162 10/23/2013 SJ Web Edition ;
+------------------------------------+--------------------------------------------+


+-----------------------------------------+
; Flow Settings                           ;
+-------------------+---------------------+
; Option            ; Setting             ;
+-------------------+---------------------+
; Start date & time ; 10/17/2020 13:42:19 ;
; Main task         ; Compilation         ;
; Revision Name     ; RV32I_System        ;
+-------------------+---------------------+


+----------------------------------------------------------------------------------------------------------------------------+
; Flow Non-Default Global Settings                                                                                           ;
+-------------------------------------+---------------------------------------+---------------+-------------+----------------+
; Assignment Name                     ; Value                                 ; Default Value ; Entity Name ; Section Id     ;
+-------------------------------------+---------------------------------------+---------------+-------------+----------------+
; COMPILER_SIGNATURE_ID               ; 70975882874910.160290973911276        ; --            ; --          ; --             ;
; EDA_OUTPUT_DATA_FORMAT              ; Vhdl                                  ; --            ; --          ; eda_simulation ;
; EDA_SIMULATION_TOOL                 ; ModelSim-Altera (VHDL)                ; <None>        ; --          ; --             ;
; MAX_CORE_JUNCTION_TEMP              ; 85                                    ; --            ; --          ; --             ;
; MIN_CORE_JUNCTION_TEMP              ; 0                                     ; --            ; --          ; --             ;
; PARTITION_COLOR                     ; 16764057                              ; --            ; --          ; Top            ;
; PARTITION_FITTER_PRESERVATION_LEVEL ; PLACEMENT_AND_ROUTING                 ; --            ; --          ; Top            ;
; PARTITION_NETLIST_TYPE              ; SOURCE                                ; --            ; --          ; Top            ;
; POWER_BOARD_THERMAL_MODEL           ; None (CONSERVATIVE)                   ; --            ; --          ; --             ;
; POWER_PRESET_COOLING_SOLUTION       ; 23 MM HEAT SINK WITH 200 LFPM AIRFLOW ; --            ; --          ; --             ;
; PROJECT_OUTPUT_DIRECTORY            ; output_files                          ; --            ; --          ; --             ;
+-------------------------------------+---------------------------------------+---------------+-------------+----------------+


+-------------------------------------------------------------------------------------------------------------------------------+
; Flow Elapsed Time                                                                                                             ;
+---------------------------+--------------+-------------------------+---------------------+------------------------------------+
; Module Name               ; Elapsed Time ; Average Processors Used ; Peak Virtual Memory ; Total CPU Time (on all processors) ;
+---------------------------+--------------+-------------------------+---------------------+------------------------------------+
; Analysis & Synthesis      ; 00:00:11     ; 1.0                     ; 4679 MB             ; 00:00:11                           ;
; Fitter                    ; 00:00:13     ; 1.4                     ; 5373 MB             ; 00:00:16                           ;
; Assembler                 ; 00:00:02     ; 1.0                     ; 4601 MB             ; 00:00:01                           ;
; TimeQuest Timing Analyzer ; 00:00:04     ; 1.3                     ; 4717 MB             ; 00:00:04                           ;
; EDA Netlist Writer        ; 00:00:04     ; 1.0                     ; 4584 MB             ; 00:00:03                           ;
; MIF/HEX Update            ; 00:00:01     ; 1.0                     ; 412 MB              ; 00:00:01                           ;
; Assembler                 ; 00:00:02     ; 1.0                     ; 414 MB              ; 00:00:02                           ;
; MIF/HEX Update            ; 00:00:01     ; 1.0                     ; 411 MB              ; 00:00:01                           ;
; Assembler                 ; 00:00:02     ; 1.0                     ; 409 MB              ; 00:00:02                           ;
; MIF/HEX Update            ; 00:00:01     ; 1.0                     ; 411 MB              ; 00:00:01                           ;
; Assembler                 ; 00:00:02     ; 1.0                     ; 409 MB              ; 00:00:02                           ;
; MIF/HEX Update            ; 00:00:01     ; 1.0                     ; 411 MB              ; 00:00:01                           ;
; Assembler                 ; 00:00:02     ; 1.0                     ; 413 MB              ; 00:00:02                           ;
; Total                     ; 00:00:46     ; --                      ; --                  ; 00:00:47                           ;
+---------------------------+--------------+-------------------------+---------------------+------------------------------------+


+----------------------------------------------------------------------------------------+
; Flow OS Summary                                                                        ;
+---------------------------+------------------+-----------+------------+----------------+
; Module Name               ; Machine Hostname ; OS Name   ; OS Version ; Processor type ;
+---------------------------+------------------+-----------+------------+----------------+
; Analysis & Synthesis      ; JuHan            ; Windows 7 ; 6.2        ; x86_64         ;
; Fitter                    ; JuHan            ; Windows 7 ; 6.2        ; x86_64         ;
; Assembler                 ; JuHan            ; Windows 7 ; 6.2        ; x86_64         ;
; TimeQuest Timing Analyzer ; JuHan            ; Windows 7 ; 6.2        ; x86_64         ;
; EDA Netlist Writer        ; JuHan            ; Windows 7 ; 6.2        ; x86_64         ;
; MIF/HEX Update            ; JuHan            ; Windows 7 ; 6.2        ; x86_64         ;
; Assembler                 ; JuHan            ; Windows 7 ; 6.2        ; x86_64         ;
; MIF/HEX Update            ; JuHan            ; Windows 7 ; 6.2        ; x86_64         ;
; Assembler                 ; JuHan            ; Windows 7 ; 6.2        ; x86_64         ;
; MIF/HEX Update            ; JuHan            ; Windows 7 ; 6.2        ; x86_64         ;
; Assembler                 ; JuHan            ; Windows 7 ; 6.2        ; x86_64         ;
; MIF/HEX Update            ; JuHan            ; Windows 7 ; 6.2        ; x86_64         ;
; Assembler                 ; JuHan            ; Windows 7 ; 6.2        ; x86_64         ;
+---------------------------+------------------+-----------+------------+----------------+


------------
; Flow Log ;
------------
quartus_map --read_settings_files=on --write_settings_files=off RV32I_System -c RV32I_System
quartus_fit --read_settings_files=off --write_settings_files=off RV32I_System -c RV32I_System
quartus_asm --read_settings_files=off --write_settings_files=off RV32I_System -c RV32I_System
quartus_sta RV32I_System -c RV32I_System
quartus_eda --read_settings_files=off --write_settings_files=off RV32I_System -c RV32I_System
quartus_cdb --update_mif RV32I_System.qpf
quartus_asm RV32I_System.qpf
quartus_cdb --update_mif RV32I_System.qpf
quartus_asm RV32I_System.qpf
quartus_cdb --update_mif RV32I_System.qpf
quartus_asm RV32I_System.qpf
quartus_cdb --update_mif RV32I_System.qpf
quartus_asm RV32I_System.qpf



