MIF/HEX Update report for RV32I_System
Thu Nov 05 17:00:46 2020
Quartus II 32-bit Version 13.1.0 Build 162 10/23/2013 SJ Web Edition


---------------------
; Table of Contents ;
---------------------
  1. Legal Notice
  2. MIF/HEX Update Summary
  3. MIF/HEX Update Processed Files
  4. MIF/HEX Update Messages



----------------
; Legal Notice ;
----------------
Copyright (C) 1991-2013 Altera Corporation
Your use of Altera Corporation's design tools, logic functions 
and other software and tools, and its AMPP partner logic 
functions, and any output files from any of the foregoing 
(including device programming or simulation files), and any 
associated documentation or information are expressly subject 
to the terms and conditions of the Altera Program License 
Subscription Agreement, Altera MegaCore Function License 
Agreement, or other applicable license agreement, including, 
without limitation, that your use is for the sole purpose of 
programming logic devices manufactured by Altera and sold by 
Altera or its authorized distributors.  Please refer to the 
applicable agreement for further details.



+---------------------------------------------------------------+
; MIF/HEX Update Summary                                        ;
+-----------------------+---------------------------------------+
; MIF/HEX Update Status ; Successful - Thu Nov 05 17:00:46 2020 ;
; Revision Name         ; RV32I_System                          ;
; Top-level Entity Name ; RV32I_System                          ;
; Family                ; Cyclone III                           ;
; Device                ; EP3C16F484C6                          ;
+-----------------------+---------------------------------------+


+-----------------------------------------------------------------------------------------------+
; MIF/HEX Update Processed Files                                                                ;
+-----------------------------------------------------------------------------------------------+
; File Name                                                                                     ;
+-----------------------------------------------------------------------------------------------+
; C:/Users/JuHan/Desktop/Korea_Univ_2020_2/COSE222/Term Project/RV32I_System_Syn/insts_data.mif ;
+-----------------------------------------------------------------------------------------------+


+-------------------------+
; MIF/HEX Update Messages ;
+-------------------------+
Info: *******************************************************************
Info: Running Quartus II 32-bit MIF/HEX Update
    Info: Version 13.1.0 Build 162 10/23/2013 SJ Web Edition
    Info: Copyright (C) 1991-2013 Altera Corporation. All rights reserved.
    Info: Your use of Altera Corporation's design tools, logic functions 
    Info: and other software and tools, and its AMPP partner logic 
    Info: functions, and any output files from any of the foregoing 
    Info: (including device programming or simulation files), and any 
    Info: associated documentation or information are expressly subject 
    Info: to the terms and conditions of the Altera Program License 
    Info: Subscription Agreement, Altera MegaCore Function License 
    Info: Agreement, or other applicable license agreement, including, 
    Info: without limitation, that your use is for the sole purpose of 
    Info: programming logic devices manufactured by Altera and sold by 
    Info: Altera or its authorized distributors.  Please refer to the 
    Info: applicable agreement for further details.
    Info: Processing started: Thu Nov 05 17:00:45 2020
Info: Command: quartus_cdb --update_mif RV32I_System.qpf
Warning (39023): Can't find Memory Initialization File /users/juhan/desktop/korea_univ_2020_2/cose222/term project/rv32i_system/rv32i_system.v -- skipped updates for this file
Warning (39023): Can't find Memory Initialization File /users/juhan/desktop/korea_univ_2020_2/cose222/term project/rv32i_system/altera_pll/altpll_clkgen.v -- skipped updates for this file
Warning (39023): Can't find Memory Initialization File /users/juhan/desktop/korea_univ_2020_2/cose222/term project/rv32i_system/rv32i_cpu/rv32i_cpu.v -- skipped updates for this file
Warning (39023): Can't find Memory Initialization File /users/juhan/desktop/korea_univ_2020_2/cose222/term project/rv32i_system/rv32i_cpu/basic_modules.v -- skipped updates for this file
Warning (39023): Can't find Memory Initialization File /users/juhan/desktop/korea_univ_2020_2/cose222/term project/rv32i_system/altera_mem_dual_port/ram2port_inst_data.v -- skipped updates for this file
Warning (39023): Can't find Memory Initialization File /users/juhan/desktop/korea_univ_2020_2/cose222/term project/rv32i_system/decoder/addr_decoder.v -- skipped updates for this file
Warning (39023): Can't find Memory Initialization File /users/juhan/desktop/korea_univ_2020_2/cose222/term project/rv32i_system/timer/timercounter.v -- skipped updates for this file
Warning (39023): Can't find Memory Initialization File /users/juhan/desktop/korea_univ_2020_2/cose222/term project/rv32i_system/gpio/gpio.v -- skipped updates for this file
Critical Warning (127005): Memory depth (2048) in the design file differs from memory depth (512) in the Memory Initialization File "C:/Users/JuHan/Desktop/Korea_Univ_2020_2/COSE222/Term Project/RV32I_System_Syn/insts_data.mif" -- setting initial value for remaining addresses to 0
Info (39024): Processed the following Memory Initialization File(s)
    Info (39025): Processed Memory Initialization File C:/Users/JuHan/Desktop/Korea_Univ_2020_2/COSE222/Term Project/RV32I_System_Syn/insts_data.mif
Info: Quartus II 32-bit MIF/HEX Update was successful. 0 errors, 9 warnings
    Info: Peak virtual memory: 411 megabytes
    Info: Processing ended: Thu Nov 05 17:00:46 2020
    Info: Elapsed time: 00:00:01
    Info: Total CPU time (on all processors): 00:00:01


